Performing C SOURCE FILE Test CMAKE_HAVE_LIBC_PTHREAD failed with the following output:
Change Dir: /home/stud/arch_labs/LR1/build/CMakeFiles/CMakeTmp

Run Build Command(s):/usr/bin/make cmTC_1057f/fast && /usr/bin/make -f CMakeFiles/cmTC_1057f.dir/build.make CMakeFiles/cmTC_1057f.dir/build
make[1]: Entering directory '/home/stud/arch_labs/LR1/build/CMakeFiles/CMakeTmp'
Building C object CMakeFiles/cmTC_1057f.dir/src.c.o
/usr/bin/gcc   -DCMAKE_HAVE_LIBC_PTHREAD   -o CMakeFiles/cmTC_1057f.dir/src.c.o   -c /home/stud/arch_labs/LR1/build/CMakeFiles/CMakeTmp/src.c
Linking C executable cmTC_1057f
/usr/bin/cmake -E cmake_link_script CMakeFiles/cmTC_1057f.dir/link.txt --verbose=1
/usr/bin/gcc  -DCMAKE_HAVE_LIBC_PTHREAD    -rdynamic CMakeFiles/cmTC_1057f.dir/src.c.o  -o cmTC_1057f 
/usr/bin/ld: CMakeFiles/cmTC_1057f.dir/src.c.o: in function `main':
src.c:(.text+0x46): undefined reference to `pthread_create'
/usr/bin/ld: src.c:(.text+0x52): undefined reference to `pthread_detach'
/usr/bin/ld: src.c:(.text+0x63): undefined reference to `pthread_join'
collect2: error: ld returned 1 exit status
make[1]: *** [CMakeFiles/cmTC_1057f.dir/build.make:87: cmTC_1057f] Error 1
make[1]: Leaving directory '/home/stud/arch_labs/LR1/build/CMakeFiles/CMakeTmp'
make: *** [Makefile:121: cmTC_1057f/fast] Error 2


Source file was:
#include <pthread.h>

void* test_func(void* data)
{
  return data;
}

int main(void)
{
  pthread_t thread;
  pthread_create(&thread, NULL, test_func, NULL);
  pthread_detach(thread);
  pthread_join(thread, NULL);
  pthread_atfork(NULL, NULL, NULL);
  pthread_exit(NULL);

  return 0;
}

Determining if the function pthread_create exists in the pthreads failed with the following output:
Change Dir: /home/stud/arch_labs/LR1/build/CMakeFiles/CMakeTmp

Run Build Command(s):/usr/bin/make cmTC_b8bb9/fast && /usr/bin/make -f CMakeFiles/cmTC_b8bb9.dir/build.make CMakeFiles/cmTC_b8bb9.dir/build
make[1]: Entering directory '/home/stud/arch_labs/LR1/build/CMakeFiles/CMakeTmp'
Building C object CMakeFiles/cmTC_b8bb9.dir/CheckFunctionExists.c.o
/usr/bin/gcc   -DCHECK_FUNCTION_EXISTS=pthread_create   -o CMakeFiles/cmTC_b8bb9.dir/CheckFunctionExists.c.o   -c /usr/share/cmake-3.16/Modules/CheckFunctionExists.c
Linking C executable cmTC_b8bb9
/usr/bin/cmake -E cmake_link_script CMakeFiles/cmTC_b8bb9.dir/link.txt --verbose=1
/usr/bin/gcc  -DCHECK_FUNCTION_EXISTS=pthread_create    -rdynamic CMakeFiles/cmTC_b8bb9.dir/CheckFunctionExists.c.o  -o cmTC_b8bb9  -lpthreads 
/usr/bin/ld: cannot find -lpthreads
collect2: error: ld returned 1 exit status
make[1]: *** [CMakeFiles/cmTC_b8bb9.dir/build.make:87: cmTC_b8bb9] Error 1
make[1]: Leaving directory '/home/stud/arch_labs/LR1/build/CMakeFiles/CMakeTmp'
make: *** [Makefile:121: cmTC_b8bb9/fast] Error 2



Determining if the pthread_create exist failed with the following output:
Change Dir: /mnt/d/Мои документы/Лабы и рефераты/5 курс 2 семестр/Архитектура программных систем/ЛР1/Код/build/CMakeFiles/CMakeTmp

Run Build Command:"/usr/bin/make" "cmTC_14415/fast"
/usr/bin/make -f CMakeFiles/cmTC_14415.dir/build.make CMakeFiles/cmTC_14415.dir/build
make[1]: вход в каталог «/mnt/d/Мои документы/Лабы и рефераты/5 курс 2 семестр/Архитектура программных систем/ЛР1/Код/build/CMakeFiles/CMakeTmp»
Building C object CMakeFiles/cmTC_14415.dir/CheckSymbolExists.c.o
/usr/bin/gcc     -o CMakeFiles/cmTC_14415.dir/CheckSymbolExists.c.o   -c "/mnt/d/Мои документы/Лабы и рефераты/5 курс 2 семестр/Архитектура программных систем/ЛР1/Код/build/CMakeFiles/CMakeTmp/CheckSymbolExists.c"
Linking C executable cmTC_14415
/usr/bin/cmake -E cmake_link_script CMakeFiles/cmTC_14415.dir/link.txt --verbose=1
/usr/bin/gcc       CMakeFiles/cmTC_14415.dir/CheckSymbolExists.c.o  -o cmTC_14415 -rdynamic 
CMakeFiles/cmTC_14415.dir/CheckSymbolExists.c.o: In function `main':
CheckSymbolExists.c:(.text+0x16): undefined reference to `pthread_create'
collect2: error: ld returned 1 exit status
CMakeFiles/cmTC_14415.dir/build.make:97: ошибка выполнения рецепта для цели «cmTC_14415»
make[1]: *** [cmTC_14415] Ошибка 1
make[1]: выход из каталога «/mnt/d/Мои документы/Лабы и рефераты/5 курс 2 семестр/Архитектура программных систем/ЛР1/Код/build/CMakeFiles/CMakeTmp»
Makefile:126: ошибка выполнения рецепта для цели «cmTC_14415/fast»
make: *** [cmTC_14415/fast] Ошибка 2

File /mnt/d/Мои документы/Лабы и рефераты/5 курс 2 семестр/Архитектура программных систем/ЛР1/Код/build/CMakeFiles/CMakeTmp/CheckSymbolExists.c:
/* */
#include <pthread.h>

int main(int argc, char** argv)
{
  (void)argv;
#ifndef pthread_create
  return ((int*)(&pthread_create))[argc];
#else
  (void)argc;
  return 0;
#endif
}

Determining if the function pthread_create exists in the pthreads failed with the following output:
Change Dir: /mnt/d/Мои документы/Лабы и рефераты/5 курс 2 семестр/Архитектура программных систем/ЛР1/Код/build/CMakeFiles/CMakeTmp

Run Build Command:"/usr/bin/make" "cmTC_a1bbe/fast"
/usr/bin/make -f CMakeFiles/cmTC_a1bbe.dir/build.make CMakeFiles/cmTC_a1bbe.dir/build
make[1]: вход в каталог «/mnt/d/Мои документы/Лабы и рефераты/5 курс 2 семестр/Архитектура программных систем/ЛР1/Код/build/CMakeFiles/CMakeTmp»
Building C object CMakeFiles/cmTC_a1bbe.dir/CheckFunctionExists.c.o
/usr/bin/gcc    -DCHECK_FUNCTION_EXISTS=pthread_create   -o CMakeFiles/cmTC_a1bbe.dir/CheckFunctionExists.c.o   -c /usr/share/cmake-3.5/Modules/CheckFunctionExists.c
Linking C executable cmTC_a1bbe
/usr/bin/cmake -E cmake_link_script CMakeFiles/cmTC_a1bbe.dir/link.txt --verbose=1
/usr/bin/gcc   -DCHECK_FUNCTION_EXISTS=pthread_create    CMakeFiles/cmTC_a1bbe.dir/CheckFunctionExists.c.o  -o cmTC_a1bbe -rdynamic -lpthreads 
/usr/bin/ld: cannot find -lpthreads
collect2: error: ld returned 1 exit status
CMakeFiles/cmTC_a1bbe.dir/build.make:97: ошибка выполнения рецепта для цели «cmTC_a1bbe»
make[1]: *** [cmTC_a1bbe] Ошибка 1
make[1]: выход из каталога «/mnt/d/Мои документы/Лабы и рефераты/5 курс 2 семестр/Архитектура программных систем/ЛР1/Код/build/CMakeFiles/CMakeTmp»
Makefile:126: ошибка выполнения рецепта для цели «cmTC_a1bbe/fast»
make: *** [cmTC_a1bbe/fast] Ошибка 2


Performing C SOURCE FILE Test CMAKE_HAVE_LIBC_PTHREAD failed with the following output:
Change Dir: /home/stud/arch_labs/LR2/Код/build/CMakeFiles/CMakeTmp

Run Build Command(s):/usr/bin/make cmTC_67bdc/fast && /usr/bin/make -f CMakeFiles/cmTC_67bdc.dir/build.make CMakeFiles/cmTC_67bdc.dir/build
make[1]: Entering directory '/home/stud/arch_labs/LR2/Код/build/CMakeFiles/CMakeTmp'
Building C object CMakeFiles/cmTC_67bdc.dir/src.c.o
/usr/bin/gcc   -DCMAKE_HAVE_LIBC_PTHREAD   -o CMakeFiles/cmTC_67bdc.dir/src.c.o   -c /home/stud/arch_labs/LR2/Код/build/CMakeFiles/CMakeTmp/src.c
Linking C executable cmTC_67bdc
/usr/bin/cmake -E cmake_link_script CMakeFiles/cmTC_67bdc.dir/link.txt --verbose=1
/usr/bin/gcc  -DCMAKE_HAVE_LIBC_PTHREAD    -rdynamic CMakeFiles/cmTC_67bdc.dir/src.c.o  -o cmTC_67bdc 
/usr/bin/ld: CMakeFiles/cmTC_67bdc.dir/src.c.o: in function `main':
src.c:(.text+0x46): undefined reference to `pthread_create'
/usr/bin/ld: src.c:(.text+0x52): undefined reference to `pthread_detach'
/usr/bin/ld: src.c:(.text+0x63): undefined reference to `pthread_join'
collect2: error: ld returned 1 exit status
make[1]: *** [CMakeFiles/cmTC_67bdc.dir/build.make:87: cmTC_67bdc] Error 1
make[1]: Leaving directory '/home/stud/arch_labs/LR2/Код/build/CMakeFiles/CMakeTmp'
make: *** [Makefile:121: cmTC_67bdc/fast] Error 2


Source file was:
#include <pthread.h>

void* test_func(void* data)
{
  return data;
}

int main(void)
{
  pthread_t thread;
  pthread_create(&thread, NULL, test_func, NULL);
  pthread_detach(thread);
  pthread_join(thread, NULL);
  pthread_atfork(NULL, NULL, NULL);
  pthread_exit(NULL);

  return 0;
}

Determining if the function pthread_create exists in the pthreads failed with the following output:
Change Dir: /home/stud/arch_labs/LR2/Код/build/CMakeFiles/CMakeTmp

Run Build Command(s):/usr/bin/make cmTC_57d19/fast && /usr/bin/make -f CMakeFiles/cmTC_57d19.dir/build.make CMakeFiles/cmTC_57d19.dir/build
make[1]: Entering directory '/home/stud/arch_labs/LR2/Код/build/CMakeFiles/CMakeTmp'
Building C object CMakeFiles/cmTC_57d19.dir/CheckFunctionExists.c.o
/usr/bin/gcc   -DCHECK_FUNCTION_EXISTS=pthread_create   -o CMakeFiles/cmTC_57d19.dir/CheckFunctionExists.c.o   -c /usr/share/cmake-3.16/Modules/CheckFunctionExists.c
Linking C executable cmTC_57d19
/usr/bin/cmake -E cmake_link_script CMakeFiles/cmTC_57d19.dir/link.txt --verbose=1
/usr/bin/gcc  -DCHECK_FUNCTION_EXISTS=pthread_create    -rdynamic CMakeFiles/cmTC_57d19.dir/CheckFunctionExists.c.o  -o cmTC_57d19  -lpthreads 
/usr/bin/ld: cannot find -lpthreads
collect2: error: ld returned 1 exit status
make[1]: *** [CMakeFiles/cmTC_57d19.dir/build.make:87: cmTC_57d19] Error 1
make[1]: Leaving directory '/home/stud/arch_labs/LR2/Код/build/CMakeFiles/CMakeTmp'
make: *** [Makefile:121: cmTC_57d19/fast] Error 2



